[2025-09-17T12:01:13.343Z] CONFIG_ERROR: {
  "error": "connect ECONNREFUSED 74.125.200.109:465"
}
[2025-09-27T08:22:54.799Z] CONFIG_ERROR: {
  "error": "Invalid login: 535 Authentication failed: The provided authorization grant is invalid, expired, or revoked"
}
[2025-09-27T08:28:45.069Z] CONFIG_ERROR: {
  "error": "Invalid login: 535 Authentication failed: The provided authorization grant is invalid, expired, or revoked"
}
[2025-09-27T08:33:49.578Z] CONFIG_ERROR: {
  "error": "Invalid login: 535 Authentication failed: Bad username / password"
}
[2025-09-27T19:05:33.741Z] CONFIG_ERROR: {
  "error": "Client network socket disconnected before secure TLS connection was established"
}
[2025-09-27T19:05:49.379Z] CONFIG_ERROR: {
  "error": "Client network socket disconnected before secure TLS connection was established"
}
[2025-09-28T06:30:14.622Z] CONFIG_ERROR: {
  "error": "Connection timeout"
}
[2025-09-28T06:31:18.704Z] CONFIG_ERROR: {
  "error": "Connection timeout"
}
[2025-09-28T06:31:48.465Z] CONFIG_ERROR: {
  "error": "Connection timeout"
}
[2025-09-28T06:32:54.996Z] CONFIG_ERROR: {
  "error": "Connection timeout"
}
